Exception at PC 0x00007FFD96E41F28
Exception at PC 0x00007FFD96E41F28
Exception at PC 0x00007FFD96E41F28
Exception at PC 0x00007FFD96E41F28
Exception at PC 0x00007FFD96E41F28
Exception at PC 0x00007FFD4B2EBB93
Printing stacktrace...

Exception at PC 0x00007FFD96E41F28
Exception at PC 0x00007FFD96E41F28
Exception at PC 0x00007FFD96E41F28
Exception at PC 0x00007FFD96E41F28
Exception at PC 0x00007FFD96E41F28
Exception at PC 0x00007FFD96E41F28
Exception at PC 0x00007FFD96E41F28
Exception at PC 0x00007FFD96E41F28
Exception at PC 0x00007FFD96E41F28
Exception at PC 0x00007FFD96E41F28
Exception at PC 0x00007FFD96E41F28
Exception at PC 0x00007FFD96E41F28
Exception at PC 0x00007FFD96E41F28
[0]  [0x00007FFD4B2EBB93]
[1]  [0x00007FFD4B2EBB93]
[2]  [0x00007FFD4B2EB4A1]
[3]  [0x00007FFD4B2EB3EF]
[4]  [0x00007FFD4B2D19FE]
[5]  [0x00007FFD4B2D0ED1]
[6]  [0x00007FFD4B2D0D76]
[7]  [0x00007FFD4B2779F6]
[8]  [0x00007FFD4B267AFB]
[9]  [0x00007FFD4B38E90A]
[10]  [0x00007FFD4B3A9F87]
[11]  [0x00007FFD4B3AA05F]
[12] (BaseThreadInitThunk+0x22) [0x00007FFD98838102]
[13] (RtlUserThreadStart+0x34) [0x00007FFD99E8C5B4]
Done
